<?xml version="1.0" encoding="UTF-8" ?>
<testsuite tests="1" failures="0" name="com.awesome.testing.gui.networkmanipulation.test.SlowNetworkTest" time="0.236" errors="1" skipped="0">
  <properties>
[...]
</properties>
  <testcase classname="com.awesome.testing.gui.networkmanipulation.test.SlowNetworkTest" name="shouldLoadBlogOnSlowNetwork" time="0.236">
    <error message="Browser failed to start, test [ shouldLoadBlogOnSlowNetwork(com.awesome.testing.gui.networkmanipulation.test.SlowNetworkTest) ] execution interrupted.
Caused by: [ The driver executable does not exist: /home/icanio-10155/app/DCM/AwesomeTesting/C:\drivers\chromedriver.exe]
Build info: version: &apos;3.141.59&apos;, revision: &apos;e82be7d358&apos;, time: &apos;2018-11-14T08:17:03&apos;
System info: host: &apos;santhosh&apos;, ip: &apos;127.0.0.1&apos;, os.name: &apos;Linux&apos;, os.arch: &apos;amd64&apos;, os.version: &apos;6.8.0-59-generic&apos;, java.version: &apos;17.0.15&apos;
Driver info: driver.version: unknown" type="org.openqa.selenium.WebDriverException">org.openqa.selenium.WebDriverException: Browser failed to start, test [ shouldLoadBlogOnSlowNetwork(com.awesome.testing.gui.networkmanipulation.test.SlowNetworkTest) ] execution interrupted.
Caused by: [ The driver executable does not exist: /home/icanio-10155/app/DCM/AwesomeTesting/C:\drivers\chromedriver.exe]
Build info: version: &apos;3.141.59&apos;, revision: &apos;e82be7d358&apos;, time: &apos;2018-11-14T08:17:03&apos;
System info: host: &apos;santhosh&apos;, ip: &apos;127.0.0.1&apos;, os.name: &apos;Linux&apos;, os.arch: &apos;amd64&apos;, os.version: &apos;6.8.0-59-generic&apos;, java.version: &apos;17.0.15&apos;
Driver info: driver.version: unknown
	at org.fluentlenium.adapter.TestRunnerCommon.getTestDriver(TestRunnerCommon.java:52)
	at org.fluentlenium.adapter.FluentTestRunnerAdapter.starting(FluentTestRunnerAdapter.java:144)
	at org.fluentlenium.adapter.junit.FluentTest.access$000(FluentTest.java:16)
	at org.fluentlenium.adapter.junit.FluentTest$1.starting(FluentTest.java:27)
	at org.fluentlenium.adapter.junit.FluentTestRule$1.evaluate(FluentTestRule.java:44)
	at org.junit.runners.ParentRunner$3.evaluate(ParentRunner.java:306)
	at org.junit.runners.BlockJUnit4ClassRunner$1.evaluate(BlockJUnit4ClassRunner.java:100)
	at org.junit.runners.ParentRunner.runLeaf(ParentRunner.java:366)
	at org.junit.runners.BlockJUnit4ClassRunner.runChild(BlockJUnit4ClassRunner.java:103)
	at org.junit.runners.BlockJUnit4ClassRunner.runChild(BlockJUnit4ClassRunner.java:63)
	at org.junit.runners.ParentRunner$4.run(ParentRunner.java:331)
	at org.junit.runners.ParentRunner$1.schedule(ParentRunner.java:79)
	at org.junit.runners.ParentRunner.runChildren(ParentRunner.java:329)
	at org.junit.runners.ParentRunner.access$100(ParentRunner.java:66)
	at org.junit.runners.ParentRunner$2.evaluate(ParentRunner.java:293)
	at org.fluentlenium.adapter.junit.FluentTest$2.evaluate(FluentTest.java:53)
	at org.junit.rules.RunRules.evaluate(RunRules.java:20)
	at org.junit.runners.ParentRunner$3.evaluate(ParentRunner.java:306)
	at org.junit.runners.ParentRunner.run(ParentRunner.java:413)
	at org.apache.maven.surefire.junit4.JUnit4Provider.execute(JUnit4Provider.java:252)
	at org.apache.maven.surefire.junit4.JUnit4Provider.executeTestSet(JUnit4Provider.java:141)
	at org.apache.maven.surefire.junit4.JUnit4Provider.invoke(JUnit4Provider.java:112)
	at java.base/jdk.internal.reflect.NativeMethodAccessorImpl.invoke0(Native Method)
	at java.base/jdk.internal.reflect.NativeMethodAccessorImpl.invoke(NativeMethodAccessorImpl.java:77)
	at java.base/jdk.internal.reflect.DelegatingMethodAccessorImpl.invoke(DelegatingMethodAccessorImpl.java:43)
	at java.base/java.lang.reflect.Method.invoke(Method.java:569)
	at org.apache.maven.surefire.util.ReflectionUtils.invokeMethodWithArray(ReflectionUtils.java:189)
	at org.apache.maven.surefire.booter.ProviderFactory$ProviderProxy.invoke(ProviderFactory.java:165)
	at org.apache.maven.surefire.booter.ProviderFactory.invokeProvider(ProviderFactory.java:85)
	at org.apache.maven.surefire.booter.ForkedBooter.runSuitesInProcess(ForkedBooter.java:115)
	at org.apache.maven.surefire.booter.ForkedBooter.main(ForkedBooter.java:75)
Caused by: java.util.concurrent.ExecutionException: java.lang.IllegalStateException: The driver executable does not exist: /home/icanio-10155/app/DCM/AwesomeTesting/C:\drivers\chromedriver.exe
	at java.base/java.util.concurrent.FutureTask.report(FutureTask.java:122)
	at java.base/java.util.concurrent.FutureTask.get(FutureTask.java:191)
	at org.fluentlenium.adapter.sharedwebdriver.SharedWebdriverSingletonImpl.getSharedWebDriver(SharedWebdriverSingletonImpl.java:206)
	at org.fluentlenium.adapter.sharedwebdriver.SharedWebDriverContainer.getSharedWebDriver(SharedWebDriverContainer.java:66)
	at org.fluentlenium.adapter.TestRunnerCommon.getTestDriver(TestRunnerCommon.java:46)
	... 30 more
Caused by: java.lang.IllegalStateException: The driver executable does not exist: /home/icanio-10155/app/DCM/AwesomeTesting/C:\drivers\chromedriver.exe
	at com.google.common.base.Preconditions.checkState(Preconditions.java:585)
	at org.openqa.selenium.remote.service.DriverService.checkExecutable(DriverService.java:146)
	at org.openqa.selenium.remote.service.DriverService.findExecutable(DriverService.java:141)
	at org.openqa.selenium.chrome.ChromeDriverService.access$000(ChromeDriverService.java:35)
	at org.openqa.selenium.chrome.ChromeDriverService$Builder.findDefaultExecutable(ChromeDriverService.java:159)
	at org.openqa.selenium.remote.service.DriverService$Builder.build(DriverService.java:355)
	at org.openqa.selenium.chrome.ChromeDriverService.createDefaultService(ChromeDriverService.java:94)
	at org.openqa.selenium.chrome.ChromeDriver.&lt;init&gt;(ChromeDriver.java:157)
	at com.awesome.testing.gui.networkmanipulation.ThrottledChrome.newWebDriver(ThrottledChrome.java:37)
	at org.fluentlenium.adapter.sharedwebdriver.SharedWebdriverSingletonImpl.createDriver(SharedWebdriverSingletonImpl.java:74)
	at org.fluentlenium.adapter.sharedwebdriver.SharedWebdriverSingletonImpl.createAndRegisterNewDriver(SharedWebdriverSingletonImpl.java:68)
	at org.fluentlenium.adapter.sharedwebdriver.SharedWebdriverSingletonImpl.lambda$getOrCreateDriver$0(SharedWebdriverSingletonImpl.java:63)
	at java.base/java.util.Optional.orElseGet(Optional.java:364)
	at org.fluentlenium.adapter.sharedwebdriver.SharedWebdriverSingletonImpl.getOrCreateDriver(SharedWebdriverSingletonImpl.java:63)
	at org.fluentlenium.adapter.sharedwebdriver.SharedWebDriverContainer.getOrCreateDriver(SharedWebDriverContainer.java:42)
	at org.fluentlenium.adapter.sharedwebdriver.SharedWebdriverSingletonImpl.lambda$createDriver$1(SharedWebdriverSingletonImpl.java:224)
	at java.base/java.util.concurrent.FutureTask.run(FutureTask.java:264)
	at java.base/java.util.concurrent.ThreadPoolExecutor.runWorker(ThreadPoolExecutor.java:1136)
	at java.base/java.util.concurrent.ThreadPoolExecutor$Worker.run(ThreadPoolExecutor.java:635)
	at java.base/java.lang.Thread.run(Thread.java:840)
</error>
  </testcase>
</testsuite>